# JRE version: OpenJDK Runtime Environment Temurin-17.0.13+11 (17.0.13+11) (build 17.0.13+11)
# Java VM: OpenJDK 64-Bit Server VM Temurin-17.0.13+11 (17.0.13+11, mixed mode, tiered, compressed oops, compressed class ptrs, parallel gc, windows-amd64)
GC Precious Log:
 CPUs: 6 total, 6 available
 Memory: 16158M
 Large Page Support: Disabled
 NUMA Support: Disabled
 Compressed Oops: Enabled (32-bit)
 Alignments: Space 512K, Generation 512K, Heap 2M
 Heap Min Capacity: 100M
 Heap Initial Capacity: 100M
 Heap Max Capacity: 1G
 Pre-touch: Disabled
 Parallel Workers: 6
Heap:
 PSYoungGen      total 16896K, used 11263K [0x00000000eab00000, 0x00000000ec180000, 0x0000000100000000)
  eden space 11264K, 99% used [0x00000000eab00000,0x00000000eb5ffed8,0x00000000eb600000)
  from space 5632K, 0% used [0x00000000eb600000,0x00000000eb600000,0x00000000ebb80000)
  to   space 2560K, 0% used [0x00000000ebb80000,0x00000000ebb80000,0x00000000ebe00000)
 ParOldGen       total 69632K, used 69356K [0x00000000c0000000, 0x00000000eab00000, 0x00000000eab00000)
  object space 69632K, 99% used [0x00000000c0000000,0x00000000c43bb2d0,0x00000000c4400000)
 Metaspace       used 62043K, committed 63168K, reserved 1114112K
  class space    used 6615K, committed 7104K, reserved 1048576K
GC Heap History (20 events):
Event: 64.484 GC heap after
{Heap after GC invocations=1603 (full 1561):
 PSYoungGen      total 16896K, used 11264K [0x00000000eab00000, 0x00000000ec180000, 0x0000000100000000)
  eden space 11264K, 100% used [0x00000000eab00000,0x00000000eb600000,0x00000000eb600000)
  from space 5632K, 0% used [0x00000000eb600000,0x00000000eb600000,0x00000000ebb80000)
  to   space 2560K, 0% used [0x00000000ebb80000,0x00000000ebb80000,0x00000000ebe00000)
 ParOldGen       total 69632K, used 69356K [0x00000000c0000000, 0x00000000c4400000, 0x00000000eab00000)
  object space 69632K, 99% used [0x00000000c0000000,0x00000000c43bb118,0x00000000c4400000)
 Metaspace       used 62043K, committed 63168K, reserved 1114112K
  class space    used 6615K, committed 7104K, reserved 1048576K
}
Event: 64.485 GC heap before
{Heap before GC invocations=1604 (full 1562):
 PSYoungGen      total 16896K, used 11264K [0x00000000eab00000, 0x00000000ec180000, 0x0000000100000000)
  eden space 11264K, 100% used [0x00000000eab00000,0x00000000eb600000,0x00000000eb600000)
  from space 5632K, 0% used [0x00000000eb600000,0x00000000eb600000,0x00000000ebb80000)
  to   space 2560K, 0% used [0x00000000ebb80000,0x00000000ebb80000,0x00000000ebe00000)
 ParOldGen       total 69632K, used 69358K [0x00000000c0000000, 0x00000000c4400000, 0x00000000eab00000)
  object space 69632K, 99% used [0x00000000c0000000,0x00000000c43bbae8,0x00000000c4400000)
 Metaspace       used 62043K, committed 63168K, reserved 1114112K
  class space    used 6615K, committed 7104K, reserved 1048576K
}
Event: 64.522 GC heap after
{Heap after GC invocations=1604 (full 1562):
 PSYoungGen      total 13824K, used 11263K [0x00000000eab00000, 0x00000000ec180000, 0x0000000100000000)
  eden space 11264K, 99% used [0x00000000eab00000,0x00000000eb5ffea0,0x00000000eb600000)
  from space 2560K, 0% used [0x00000000ebb80000,0x00000000ebb80000,0x00000000ebe00000)
  to   space 5632K, 0% used [0x00000000eb600000,0x00000000eb600000,0x00000000ebb80000)
 ParOldGen       total 69632K, used 69356K [0x00000000c0000000, 0x00000000c4400000, 0x00000000eab00000)
  object space 69632K, 99% used [0x00000000c0000000,0x00000000c43bb070,0x00000000c4400000)
 Metaspace       used 62043K, committed 63168K, reserved 1114112K
  class space    used 6615K, committed 7104K, reserved 1048576K
}
Event: 64.522 GC heap before
{Heap before GC invocations=1605 (full 1563):
 PSYoungGen      total 13824K, used 11263K [0x00000000eab00000, 0x00000000ec180000, 0x0000000100000000)
  eden space 11264K, 99% used [0x00000000eab00000,0x00000000eb5ffff8,0x00000000eb600000)
  from space 2560K, 0% used [0x00000000ebb80000,0x00000000ebb80000,0x00000000ebe00000)
  to   space 5632K, 0% used [0x00000000eb600000,0x00000000eb600000,0x00000000ebb80000)
 ParOldGen       total 69632K, used 69356K [0x00000000c0000000, 0x00000000c4400000, 0x00000000eab00000)
  object space 69632K, 99% used [0x00000000c0000000,0x00000000c43bb070,0x00000000c4400000)
 Metaspace       used 62043K, committed 63168K, reserved 1114112K
  class space    used 6615K, committed 7104K, reserved 1048576K
}
Event: 64.555 GC heap after
{Heap after GC invocations=1605 (full 1563):
 PSYoungGen      total 16896K, used 11263K [0x00000000eab00000, 0x00000000ec180000, 0x0000000100000000)
  eden space 11264K, 99% used [0x00000000eab00000,0x00000000eb5fff58,0x00000000eb600000)
  from space 5632K, 0% used [0x00000000eb600000,0x00000000eb600000,0x00000000ebb80000)
  to   space 2560K, 0% used [0x00000000ebb80000,0x00000000ebb80000,0x00000000ebe00000)
 ParOldGen       total 69632K, used 69356K [0x00000000c0000000, 0x00000000c4400000, 0x00000000eab00000)
  object space 69632K, 99% used [0x00000000c0000000,0x00000000c43bb030,0x00000000c4400000)
 Metaspace       used 62043K, committed 63168K, reserved 1114112K
  class space    used 6615K, committed 7104K, reserved 1048576K
}
Event: 64.556 GC heap before
{Heap before GC invocations=1606 (full 1564):
 PSYoungGen      total 16896K, used 11263K [0x00000000eab00000, 0x00000000ec180000, 0x0000000100000000)
  eden space 11264K, 99% used [0x00000000eab00000,0x00000000eb5ffff8,0x00000000eb600000)
  from space 5632K, 0% used [0x00000000eb600000,0x00000000eb600000,0x00000000ebb80000)
  to   space 2560K, 0% used [0x00000000ebb80000,0x00000000ebb80000,0x00000000ebe00000)
 ParOldGen       total 69632K, used 69356K [0x00000000c0000000, 0x00000000c4400000, 0x00000000eab00000)
  object space 69632K, 99% used [0x00000000c0000000,0x00000000c43bb030,0x00000000c4400000)
 Metaspace       used 62043K, committed 63168K, reserved 1114112K
  class space    used 6615K, committed 7104K, reserved 1048576K
}
Event: 64.587 GC heap after
{Heap after GC invocations=1606 (full 1564):
 PSYoungGen      total 13824K, used 11263K [0x00000000eab00000, 0x00000000ec180000, 0x0000000100000000)
  eden space 11264K, 99% used [0x00000000eab00000,0x00000000eb5fffe8,0x00000000eb600000)
  from space 2560K, 0% used [0x00000000ebb80000,0x00000000ebb80000,0x00000000ebe00000)
  to   space 5632K, 0% used [0x00000000eb600000,0x00000000eb600000,0x00000000ebb80000)
 ParOldGen       total 69632K, used 69356K [0x00000000c0000000, 0x00000000c4400000, 0x00000000eab00000)
  object space 69632K, 99% used [0x00000000c0000000,0x00000000c43bb030,0x00000000c4400000)
 Metaspace       used 62043K, committed 63168K, reserved 1114112K
  class space    used 6615K, committed 7104K, reserved 1048576K
}
Event: 64.587 GC heap before
{Heap before GC invocations=1607 (full 1565):
 PSYoungGen      total 13824K, used 11263K [0x00000000eab00000, 0x00000000ec180000, 0x0000000100000000)
  eden space 11264K, 99% used [0x00000000eab00000,0x00000000eb5ffff8,0x00000000eb600000)
  from space 2560K, 0% used [0x00000000ebb80000,0x00000000ebb80000,0x00000000ebe00000)
  to   space 5632K, 0% used [0x00000000eb600000,0x00000000eb600000,0x00000000ebb80000)
 ParOldGen       total 69632K, used 69356K [0x00000000c0000000, 0x00000000c4400000, 0x00000000eab00000)
  object space 69632K, 99% used [0x00000000c0000000,0x00000000c43bb030,0x00000000c4400000)
 Metaspace       used 62043K, committed 63168K, reserved 1114112K
  class space    used 6615K, committed 7104K, reserved 1048576K
}
Event: 64.619 GC heap after
{Heap after GC invocations=1607 (full 1565):
 PSYoungGen      total 16896K, used 11263K [0x00000000eab00000, 0x00000000ec180000, 0x0000000100000000)
  eden space 11264K, 99% used [0x00000000eab00000,0x00000000eb5fffe8,0x00000000eb600000)
  from space 5632K, 0% used [0x00000000eb600000,0x00000000eb600000,0x00000000ebb80000)
  to   space 2560K, 0% used [0x00000000ebb80000,0x00000000ebb80000,0x00000000ebe00000)
 ParOldGen       total 69632K, used 69356K [0x00000000c0000000, 0x00000000c4400000, 0x00000000eab00000)
  object space 69632K, 99% used [0x00000000c0000000,0x00000000c43bb030,0x00000000c4400000)
 Metaspace       used 62043K, committed 63168K, reserved 1114112K
  class space    used 6615K, committed 7104K, reserved 1048576K
}
Event: 64.619 GC heap before
{Heap before GC invocations=1608 (full 1566):
 PSYoungGen      total 16896K, used 11263K [0x00000000eab00000, 0x00000000ec180000, 0x0000000100000000)
  eden space 11264K, 99% used [0x00000000eab00000,0x00000000eb5ffff8,0x00000000eb600000)
  from space 5632K, 0% used [0x00000000eb600000,0x00000000eb600000,0x00000000ebb80000)
  to   space 2560K, 0% used [0x00000000ebb80000,0x00000000ebb80000,0x00000000ebe00000)
 ParOldGen       total 69632K, used 69356K [0x00000000c0000000, 0x00000000c4400000, 0x00000000eab00000)
  object space 69632K, 99% used [0x00000000c0000000,0x00000000c43bb030,0x00000000c4400000)
 Metaspace       used 62043K, committed 63168K, reserved 1114112K
  class space    used 6615K, committed 7104K, reserved 1048576K
}
Event: 64.651 GC heap after
{Heap after GC invocations=1608 (full 1566):
 PSYoungGen      total 13824K, used 11263K [0x00000000eab00000, 0x00000000ec180000, 0x0000000100000000)
  eden space 11264K, 99% used [0x00000000eab00000,0x00000000eb5fff68,0x00000000eb600000)
  from space 2560K, 0% used [0x00000000ebb80000,0x00000000ebb80000,0x00000000ebe00000)
  to   space 5632K, 0% used [0x00000000eb600000,0x00000000eb600000,0x00000000ebb80000)
 ParOldGen       total 69632K, used 69356K [0x00000000c0000000, 0x00000000c4400000, 0x00000000eab00000)
  object space 69632K, 99% used [0x00000000c0000000,0x00000000c43bb030,0x00000000c4400000)
 Metaspace       used 62043K, committed 63168K, reserved 1114112K
  class space    used 6615K, committed 7104K, reserved 1048576K
}
Event: 64.651 GC heap before
{Heap before GC invocations=1609 (full 1567):
 PSYoungGen      total 13824K, used 11263K [0x00000000eab00000, 0x00000000ec180000, 0x0000000100000000)
  eden space 11264K, 99% used [0x00000000eab00000,0x00000000eb5ffff8,0x00000000eb600000)
  from space 2560K, 0% used [0x00000000ebb80000,0x00000000ebb80000,0x00000000ebe00000)
  to   space 5632K, 0% used [0x00000000eb600000,0x00000000eb600000,0x00000000ebb80000)
 ParOldGen       total 69632K, used 69356K [0x00000000c0000000, 0x00000000c4400000, 0x00000000eab00000)
  object space 69632K, 99% used [0x00000000c0000000,0x00000000c43bb030,0x00000000c4400000)
 Metaspace       used 62043K, committed 63168K, reserved 1114112K
  class space    used 6615K, committed 7104K, reserved 1048576K
}
Event: 64.683 GC heap after
{Heap after GC invocations=1609 (full 1567):
 PSYoungGen      total 16896K, used 11263K [0x00000000eab00000, 0x00000000ec180000, 0x0000000100000000)
  eden space 11264K, 99% used [0x00000000eab00000,0x00000000eb5fffe8,0x00000000eb600000)
  from space 5632K, 0% used [0x00000000eb600000,0x00000000eb600000,0x00000000ebb80000)
  to   space 2560K, 0% used [0x00000000ebb80000,0x00000000ebb80000,0x00000000ebe00000)
 ParOldGen       total 69632K, used 69356K [0x00000000c0000000, 0x00000000c4400000, 0x00000000eab00000)
  object space 69632K, 99% used [0x00000000c0000000,0x00000000c43bb030,0x00000000c4400000)
 Metaspace       used 62043K, committed 63168K, reserved 1114112K
  class space    used 6615K, committed 7104K, reserved 1048576K
}
Event: 64.683 GC heap before
{Heap before GC invocations=1610 (full 1568):
 PSYoungGen      total 16896K, used 11263K [0x00000000eab00000, 0x00000000ec180000, 0x0000000100000000)
  eden space 11264K, 99% used [0x00000000eab00000,0x00000000eb5ffff8,0x00000000eb600000)
  from space 5632K, 0% used [0x00000000eb600000,0x00000000eb600000,0x00000000ebb80000)
  to   space 2560K, 0% used [0x00000000ebb80000,0x00000000ebb80000,0x00000000ebe00000)
 ParOldGen       total 69632K, used 69356K [0x00000000c0000000, 0x00000000c4400000, 0x00000000eab00000)
  object space 69632K, 99% used [0x00000000c0000000,0x00000000c43bb030,0x00000000c4400000)
 Metaspace       used 62043K, committed 63168K, reserved 1114112K
  class space    used 6615K, committed 7104K, reserved 1048576K
}
Event: 64.715 GC heap after
{Heap after GC invocations=1610 (full 1568):
 PSYoungGen      total 13824K, used 11263K [0x00000000eab00000, 0x00000000ec180000, 0x0000000100000000)
  eden space 11264K, 99% used [0x00000000eab00000,0x00000000eb5fff68,0x00000000eb600000)
  from space 2560K, 0% used [0x00000000ebb80000,0x00000000ebb80000,0x00000000ebe00000)
  to   space 5632K, 0% used [0x00000000eb600000,0x00000000eb600000,0x00000000ebb80000)
 ParOldGen       total 69632K, used 69356K [0x00000000c0000000, 0x00000000c4400000, 0x00000000eab00000)
  object space 69632K, 99% used [0x00000000c0000000,0x00000000c43bb030,0x00000000c4400000)
 Metaspace       used 62043K, committed 63168K, reserved 1114112K
  class space    used 6615K, committed 7104K, reserved 1048576K
}
Event: 64.715 GC heap before
{Heap before GC invocations=1611 (full 1569):
 PSYoungGen      total 13824K, used 11263K [0x00000000eab00000, 0x00000000ec180000, 0x0000000100000000)
  eden space 11264K, 99% used [0x00000000eab00000,0x00000000eb5ffff8,0x00000000eb600000)
  from space 2560K, 0% used [0x00000000ebb80000,0x00000000ebb80000,0x00000000ebe00000)
  to   space 5632K, 0% used [0x00000000eb600000,0x00000000eb600000,0x00000000ebb80000)
 ParOldGen       total 69632K, used 69356K [0x00000000c0000000, 0x00000000c4400000, 0x00000000eab00000)
  object space 69632K, 99% used [0x00000000c0000000,0x00000000c43bb030,0x00000000c4400000)
 Metaspace       used 62043K, committed 63168K, reserved 1114112K
  class space    used 6615K, committed 7104K, reserved 1048576K
}
Event: 64.747 GC heap after
{Heap after GC invocations=1611 (full 1569):
 PSYoungGen      total 16896K, used 11263K [0x00000000eab00000, 0x00000000ec180000, 0x0000000100000000)
  eden space 11264K, 99% used [0x00000000eab00000,0x00000000eb5fff90,0x00000000eb600000)
  from space 5632K, 0% used [0x00000000eb600000,0x00000000eb600000,0x00000000ebb80000)
  to   space 2560K, 0% used [0x00000000ebb80000,0x00000000ebb80000,0x00000000ebe00000)
 ParOldGen       total 69632K, used 69356K [0x00000000c0000000, 0x00000000c4400000, 0x00000000eab00000)
  object space 69632K, 99% used [0x00000000c0000000,0x00000000c43bb030,0x00000000c4400000)
 Metaspace       used 62043K, committed 63168K, reserved 1114112K
  class space    used 6615K, committed 7104K, reserved 1048576K
}
Event: 64.747 GC heap before
{Heap before GC invocations=1612 (full 1570):
 PSYoungGen      total 16896K, used 11263K [0x00000000eab00000, 0x00000000ec180000, 0x0000000100000000)
  eden space 11264K, 99% used [0x00000000eab00000,0x00000000eb5ffff8,0x00000000eb600000)
  from space 5632K, 0% used [0x00000000eb600000,0x00000000eb600000,0x00000000ebb80000)
  to   space 2560K, 0% used [0x00000000ebb80000,0x00000000ebb80000,0x00000000ebe00000)
 ParOldGen       total 69632K, used 69356K [0x00000000c0000000, 0x00000000c4400000, 0x00000000eab00000)
  object space 69632K, 99% used [0x00000000c0000000,0x00000000c43bb030,0x00000000c4400000)
 Metaspace       used 62043K, committed 63168K, reserved 1114112K
  class space    used 6615K, committed 7104K, reserved 1048576K
}
Event: 64.779 GC heap after
{Heap after GC invocations=1612 (full 1570):
 PSYoungGen      total 13824K, used 11263K [0x00000000eab00000, 0x00000000ec180000, 0x0000000100000000)
  eden space 11264K, 99% used [0x00000000eab00000,0x00000000eb5ffff8,0x00000000eb600000)
  from space 2560K, 0% used [0x00000000ebb80000,0x00000000ebb80000,0x00000000ebe00000)
  to   space 5632K, 0% used [0x00000000eb600000,0x00000000eb600000,0x00000000ebb80000)
 ParOldGen       total 69632K, used 69356K [0x00000000c0000000, 0x00000000c4400000, 0x00000000eab00000)
  object space 69632K, 99% used [0x00000000c0000000,0x00000000c43bb030,0x00000000c4400000)
 Metaspace       used 62043K, committed 63168K, reserved 1114112K
  class space    used 6615K, committed 7104K, reserved 1048576K
}
Event: 64.779 GC heap before
{Heap before GC invocations=1613 (full 1571):
 PSYoungGen      total 13824K, used 11263K [0x00000000eab00000, 0x00000000ec180000, 0x0000000100000000)
  eden space 11264K, 99% used [0x00000000eab00000,0x00000000eb5ffff8,0x00000000eb600000)
  from space 2560K, 0% used [0x00000000ebb80000,0x00000000ebb80000,0x00000000ebe00000)
  to   space 5632K, 0% used [0x00000000eb600000,0x00000000eb600000,0x00000000ebb80000)
 ParOldGen       total 69632K, used 69358K [0x00000000c0000000, 0x00000000c4400000, 0x00000000eab00000)
  object space 69632K, 99% used [0x00000000c0000000,0x00000000c43bb808,0x00000000c4400000)
 Metaspace       used 62043K, committed 63168K, reserved 1114112K
  class space    used 6615K, committed 7104K, reserved 1048576K
}

